[2020-12-17 21:08:48] local.ERROR: No Database connection yet in VoyagerServiceProvider loadAuth()  
[2020-12-17 21:08:49] local.ERROR: could not find driver {"exception":"[object] (Doctrine\\DBAL\\Driver\\PDO\\Exception(code: 0): could not find driver at /mnt/c/laragon/www/sinistre/vendor/doctrine/dbal/lib/Doctrine/DBAL/Driver/PDO/Exception.php:18)
[stacktrace]
#0 /mnt/c/laragon/www/sinistre/vendor/doctrine/dbal/lib/Doctrine/DBAL/Driver/PDOConnection.php(41): Doctrine\\DBAL\\Driver\\PDO\\Exception::new()
#1 /mnt/c/laragon/www/sinistre/vendor/laravel/framework/src/Illuminate/Database/Connectors/Connector.php(67): Doctrine\\DBAL\\Driver\\PDOConnection->__construct()
#2 /mnt/c/laragon/www/sinistre/vendor/laravel/framework/src/Illuminate/Database/Connectors/Connector.php(46): Illuminate\\Database\\Connectors\\Connector->createPdoConnection()
#3 /mnt/c/laragon/www/sinistre/vendor/laravel/framework/src/Illuminate/Database/Connectors/MySqlConnector.php(24): Illuminate\\Database\\Connectors\\Connector->createConnection()
#4 /mnt/c/laragon/www/sinistre/vendor/laravel/framework/src/Illuminate/Database/Connectors/ConnectionFactory.php(184): Illuminate\\Database\\Connectors\\MySqlConnector->connect()
#5 [internal function]: Illuminate\\Database\\Connectors\\ConnectionFactory->Illuminate\\Database\\Connectors\\{closure}()
#6 /mnt/c/laragon/www/sinistre/vendor/laravel/framework/src/Illuminate/Database/Connection.php(926): call_user_func()
#7 /mnt/c/laragon/www/sinistre/vendor/laravel/framework/src/Illuminate/Database/Connection.php(908): Illuminate\\Database\\Connection->getPdo()
#8 /mnt/c/laragon/www/sinistre/vendor/larapack/doctrine-support/src/DoctrineSupportServiceProvider.php(55): Illuminate\\Database\\Connection->getDoctrineConnection()
#9 /mnt/c/laragon/www/sinistre/vendor/larapack/doctrine-support/src/DoctrineSupportServiceProvider.php(35): Larapack\\DoctrineSupport\\DoctrineSupportServiceProvider->addDoctrineTypes()
#10 /mnt/c/laragon/www/sinistre/vendor/laravel/framework/src/Illuminate/Database/Connectors/ConnectionFactory.php(273): Larapack\\DoctrineSupport\\DoctrineSupportServiceProvider->Larapack\\DoctrineSupport\\{closure}()
#11 /mnt/c/laragon/www/sinistre/vendor/laravel/framework/src/Illuminate/Database/Connectors/ConnectionFactory.php(76): Illuminate\\Database\\Connectors\\ConnectionFactory->createConnection()
#12 /mnt/c/laragon/www/sinistre/vendor/laravel/framework/src/Illuminate/Database/Connectors/ConnectionFactory.php(50): Illuminate\\Database\\Connectors\\ConnectionFactory->createSingleConnection()
#13 /mnt/c/laragon/www/sinistre/vendor/laravel/framework/src/Illuminate/Database/DatabaseManager.php(131): Illuminate\\Database\\Connectors\\ConnectionFactory->make()
#14 /mnt/c/laragon/www/sinistre/vendor/laravel/framework/src/Illuminate/Database/DatabaseManager.php(86): Illuminate\\Database\\DatabaseManager->makeConnection()
#15 /mnt/c/laragon/www/sinistre/vendor/laravel/framework/src/Illuminate/Support/Facades/Schema.php(41): Illuminate\\Database\\DatabaseManager->connection()
#16 /mnt/c/laragon/www/sinistre/vendor/laravel/framework/src/Illuminate/Support/Facades/Facade.php(166): Illuminate\\Support\\Facades\\Schema::getFacadeAccessor()
#17 /mnt/c/laragon/www/sinistre/vendor/laravel/framework/src/Illuminate/Support/Facades/Facade.php(255): Illuminate\\Support\\Facades\\Facade::getFacadeRoot()
#18 /mnt/c/laragon/www/sinistre/app/Providers/AppServiceProvider.php(27): Illuminate\\Support\\Facades\\Facade::__callStatic()
#19 [internal function]: App\\Providers\\AppServiceProvider->boot()
#20 /mnt/c/laragon/www/sinistre/vendor/laravel/framework/src/Illuminate/Container/BoundMethod.php(37): call_user_func_array()
#21 /mnt/c/laragon/www/sinistre/vendor/laravel/framework/src/Illuminate/Container/Util.php(37): Illuminate\\Container\\BoundMethod::Illuminate\\Container\\{closure}()
#22 /mnt/c/laragon/www/sinistre/vendor/laravel/framework/src/Illuminate/Container/BoundMethod.php(95): Illuminate\\Container\\Util::unwrapIfClosure()
#23 /mnt/c/laragon/www/sinistre/vendor/laravel/framework/src/Illuminate/Container/BoundMethod.php(39): Illuminate\\Container\\BoundMethod::callBoundMethod()
#24 /mnt/c/laragon/www/sinistre/vendor/laravel/framework/src/Illuminate/Container/Container.php(596): Illuminate\\Container\\BoundMethod::call()
#25 /mnt/c/laragon/www/sinistre/vendor/laravel/framework/src/Illuminate/Foundation/Application.php(867): Illuminate\\Container\\Container->call()
#26 /mnt/c/laragon/www/sinistre/vendor/laravel/framework/src/Illuminate/Foundation/Application.php(850): Illuminate\\Foundation\\Application->bootProvider()
#27 [internal function]: Illuminate\\Foundation\\Application->Illuminate\\Foundation\\{closure}()
#28 /mnt/c/laragon/www/sinistre/vendor/laravel/framework/src/Illuminate/Foundation/Application.php(851): array_walk()
#29 /mnt/c/laragon/www/sinistre/vendor/laravel/framework/src/Illuminate/Foundation/Bootstrap/BootProviders.php(17): Illuminate\\Foundation\\Application->boot()
#30 /mnt/c/laragon/www/sinistre/vendor/laravel/framework/src/Illuminate/Foundation/Application.php(230): Illuminate\\Foundation\\Bootstrap\\BootProviders->bootstrap()
#31 /mnt/c/laragon/www/sinistre/vendor/laravel/framework/src/Illuminate/Foundation/Console/Kernel.php(310): Illuminate\\Foundation\\Application->bootstrapWith()
#32 /mnt/c/laragon/www/sinistre/vendor/laravel/framework/src/Illuminate/Foundation/Console/Kernel.php(127): Illuminate\\Foundation\\Console\\Kernel->bootstrap()
#33 /mnt/c/laragon/www/sinistre/artisan(37): Illuminate\\Foundation\\Console\\Kernel->handle()
#34 {main}

[previous exception] [object] (PDOException(code: 0): could not find driver at /mnt/c/laragon/www/sinistre/vendor/doctrine/dbal/lib/Doctrine/DBAL/Driver/PDOConnection.php:37)
[stacktrace]
#0 /mnt/c/laragon/www/sinistre/vendor/doctrine/dbal/lib/Doctrine/DBAL/Driver/PDOConnection.php(37): PDO->__construct()
#1 /mnt/c/laragon/www/sinistre/vendor/laravel/framework/src/Illuminate/Database/Connectors/Connector.php(67): Doctrine\\DBAL\\Driver\\PDOConnection->__construct()
#2 /mnt/c/laragon/www/sinistre/vendor/laravel/framework/src/Illuminate/Database/Connectors/Connector.php(46): Illuminate\\Database\\Connectors\\Connector->createPdoConnection()
#3 /mnt/c/laragon/www/sinistre/vendor/laravel/framework/src/Illuminate/Database/Connectors/MySqlConnector.php(24): Illuminate\\Database\\Connectors\\Connector->createConnection()
#4 /mnt/c/laragon/www/sinistre/vendor/laravel/framework/src/Illuminate/Database/Connectors/ConnectionFactory.php(184): Illuminate\\Database\\Connectors\\MySqlConnector->connect()
#5 [internal function]: Illuminate\\Database\\Connectors\\ConnectionFactory->Illuminate\\Database\\Connectors\\{closure}()
#6 /mnt/c/laragon/www/sinistre/vendor/laravel/framework/src/Illuminate/Database/Connection.php(926): call_user_func()
#7 /mnt/c/laragon/www/sinistre/vendor/laravel/framework/src/Illuminate/Database/Connection.php(908): Illuminate\\Database\\Connection->getPdo()
#8 /mnt/c/laragon/www/sinistre/vendor/larapack/doctrine-support/src/DoctrineSupportServiceProvider.php(55): Illuminate\\Database\\Connection->getDoctrineConnection()
#9 /mnt/c/laragon/www/sinistre/vendor/larapack/doctrine-support/src/DoctrineSupportServiceProvider.php(35): Larapack\\DoctrineSupport\\DoctrineSupportServiceProvider->addDoctrineTypes()
#10 /mnt/c/laragon/www/sinistre/vendor/laravel/framework/src/Illuminate/Database/Connectors/ConnectionFactory.php(273): Larapack\\DoctrineSupport\\DoctrineSupportServiceProvider->Larapack\\DoctrineSupport\\{closure}()
#11 /mnt/c/laragon/www/sinistre/vendor/laravel/framework/src/Illuminate/Database/Connectors/ConnectionFactory.php(76): Illuminate\\Database\\Connectors\\ConnectionFactory->createConnection()
#12 /mnt/c/laragon/www/sinistre/vendor/laravel/framework/src/Illuminate/Database/Connectors/ConnectionFactory.php(50): Illuminate\\Database\\Connectors\\ConnectionFactory->createSingleConnection()
#13 /mnt/c/laragon/www/sinistre/vendor/laravel/framework/src/Illuminate/Database/DatabaseManager.php(131): Illuminate\\Database\\Connectors\\ConnectionFactory->make()
#14 /mnt/c/laragon/www/sinistre/vendor/laravel/framework/src/Illuminate/Database/DatabaseManager.php(86): Illuminate\\Database\\DatabaseManager->makeConnection()
#15 /mnt/c/laragon/www/sinistre/vendor/laravel/framework/src/Illuminate/Support/Facades/Schema.php(41): Illuminate\\Database\\DatabaseManager->connection()
#16 /mnt/c/laragon/www/sinistre/vendor/laravel/framework/src/Illuminate/Support/Facades/Facade.php(166): Illuminate\\Support\\Facades\\Schema::getFacadeAccessor()
#17 /mnt/c/laragon/www/sinistre/vendor/laravel/framework/src/Illuminate/Support/Facades/Facade.php(255): Illuminate\\Support\\Facades\\Facade::getFacadeRoot()
#18 /mnt/c/laragon/www/sinistre/app/Providers/AppServiceProvider.php(27): Illuminate\\Support\\Facades\\Facade::__callStatic()
#19 [internal function]: App\\Providers\\AppServiceProvider->boot()
#20 /mnt/c/laragon/www/sinistre/vendor/laravel/framework/src/Illuminate/Container/BoundMethod.php(37): call_user_func_array()
#21 /mnt/c/laragon/www/sinistre/vendor/laravel/framework/src/Illuminate/Container/Util.php(37): Illuminate\\Container\\BoundMethod::Illuminate\\Container\\{closure}()
#22 /mnt/c/laragon/www/sinistre/vendor/laravel/framework/src/Illuminate/Container/BoundMethod.php(95): Illuminate\\Container\\Util::unwrapIfClosure()
#23 /mnt/c/laragon/www/sinistre/vendor/laravel/framework/src/Illuminate/Container/BoundMethod.php(39): Illuminate\\Container\\BoundMethod::callBoundMethod()
#24 /mnt/c/laragon/www/sinistre/vendor/laravel/framework/src/Illuminate/Container/Container.php(596): Illuminate\\Container\\BoundMethod::call()
#25 /mnt/c/laragon/www/sinistre/vendor/laravel/framework/src/Illuminate/Foundation/Application.php(867): Illuminate\\Container\\Container->call()
#26 /mnt/c/laragon/www/sinistre/vendor/laravel/framework/src/Illuminate/Foundation/Application.php(850): Illuminate\\Foundation\\Application->bootProvider()
#27 [internal function]: Illuminate\\Foundation\\Application->Illuminate\\Foundation\\{closure}()
#28 /mnt/c/laragon/www/sinistre/vendor/laravel/framework/src/Illuminate/Foundation/Application.php(851): array_walk()
#29 /mnt/c/laragon/www/sinistre/vendor/laravel/framework/src/Illuminate/Foundation/Bootstrap/BootProviders.php(17): Illuminate\\Foundation\\Application->boot()
#30 /mnt/c/laragon/www/sinistre/vendor/laravel/framework/src/Illuminate/Foundation/Application.php(230): Illuminate\\Foundation\\Bootstrap\\BootProviders->bootstrap()
#31 /mnt/c/laragon/www/sinistre/vendor/laravel/framework/src/Illuminate/Foundation/Console/Kernel.php(310): Illuminate\\Foundation\\Application->bootstrapWith()
#32 /mnt/c/laragon/www/sinistre/vendor/laravel/framework/src/Illuminate/Foundation/Console/Kernel.php(127): Illuminate\\Foundation\\Console\\Kernel->bootstrap()
#33 /mnt/c/laragon/www/sinistre/artisan(37): Illuminate\\Foundation\\Console\\Kernel->handle()
#34 {main}
"} 
